Tue Oct 08 17:51:42 MSK 2024: first: 1
Tue Oct 08 17:51:42 MSK 2024: first: 1
Tue Oct 08 17:51:42 MSK 2024: first: 1
Tue Oct 08 17:51:42 MSK 2024: first: 1
Tue Oct 08 17:51:44 MSK 2024: second: 2
Tue Oct 08 17:51:44 MSK 2024: second: 2
Tue Oct 08 17:51:44 MSK 2024: second: 2
Tue Oct 08 17:51:44 MSK 2024: second: 2
Tue Oct 08 17:52:59 MSK 2024: first: 3
Tue Oct 08 17:52:59 MSK 2024: first: 3
Tue Oct 08 17:52:59 MSK 2024: first: 3
Tue Oct 08 17:52:59 MSK 2024: first: 3
Tue Oct 08 17:53:01 MSK 2024: second: 4
Tue Oct 08 17:53:01 MSK 2024: second: 4
Tue Oct 08 17:53:01 MSK 2024: second: 4
Tue Oct 08 17:53:01 MSK 2024: second: 4
Tue Oct 08 17:53:23 MSK 2024: first: exit
Tue Oct 08 17:53:23 MSK 2024: first: exit
Tue Oct 08 17:53:23 MSK 2024: first: exit
Tue Oct 08 17:53:23 MSK 2024: first: exit
Tue Oct 08 17:54:41 MSK 2024: fourth: 
Tue Oct 08 17:54:41 MSK 2024: fourth: 
Tue Oct 08 17:54:41 MSK 2024: fourth: 
Tue Oct 08 17:54:46 MSK 2024: fourth: 
Tue Oct 08 17:54:51 MSK 2024: fourth: 123
Tue Oct 08 17:54:51 MSK 2024: fourth: 123
Tue Oct 08 17:54:51 MSK 2024: fourth: 123
Tue Oct 08 17:54:51 MSK 2024: fourth: 123
Tue Oct 08 17:54:57 MSK 2024: third: 456
Tue Oct 08 17:54:57 MSK 2024: third: 456
Tue Oct 08 17:54:57 MSK 2024: third: 456
Tue Oct 08 17:54:57 MSK 2024: third: 456
